--------------------------------------------------------------------------------
CPU name:	Intel(R) Core(TM) i5-7500 CPU @ 3.40GHz
CPU type:	Intel Coffeelake processor
CPU clock:	3.41 GHz
--------------------------------------------------------------------------------
TAMANHO: 4000
 mat_vet Tempo médio: 7.957478
TAMANHO: 4000
 mat_mat Tempo médio: 16111.278900
--------------------------------------------------------------------------------
Region MAT_VET, Group 1: ENERGY
+-------------------+----------+
|    Region Info    |  Core 3  |
+-------------------+----------+
| RDTSC Runtime [s] | 0.007960 |
|     call count    |        1 |
+-------------------+----------+

+-----------------------+---------+----------+
|         Event         | Counter |  Core 3  |
+-----------------------+---------+----------+
|   INSTR_RETIRED_ANY   |  FIXC0  | 33015420 |
| CPU_CLK_UNHALTED_CORE |  FIXC1  | 29103900 |
|  CPU_CLK_UNHALTED_REF |  FIXC2  | 26734340 |
|       TEMP_CORE       |   TMP0  |      198 |
|     PWR_PKG_ENERGY    |   PWR0  |   0.0870 |
|     PWR_PP0_ENERGY    |   PWR1  |   0.0855 |
|     PWR_PP1_ENERGY    |   PWR2  |        0 |
|    PWR_DRAM_ENERGY    |   PWR3  |   0.0147 |
+-----------------------+---------+----------+

+----------------------+-----------+
|        Metric        |   Core 3  |
+----------------------+-----------+
|  Runtime (RDTSC) [s] |    0.0080 |
| Runtime unhalted [s] |    0.0085 |
|      Clock [MHz]     | 3710.0828 |
|          CPI         |    0.8815 |
|    Temperature [C]   |       198 |
|      Energy [J]      |    0.0870 |
|       Power [W]      |   10.9337 |
|    Energy PP0 [J]    |    0.0855 |
|     Power PP0 [W]    |   10.7420 |
|    Energy PP1 [J]    |         0 |
|     Power PP1 [W]    |         0 |
|    Energy DRAM [J]   |    0.0147 |
|    Power DRAM [W]    |    1.8478 |
+----------------------+-----------+

Region MAT_MAT, Group 1: ENERGY
+-------------------+-----------+
|    Region Info    |   Core 3  |
+-------------------+-----------+
| RDTSC Runtime [s] | 16.111420 |
|     call count    |         1 |
+-------------------+-----------+

+-----------------------+---------+-------------+
|         Event         | Counter |    Core 3   |
+-----------------------+---------+-------------+
|   INSTR_RETIRED_ANY   |  FIXC0  | 70382800000 |
| CPU_CLK_UNHALTED_CORE |  FIXC1  | 60144270000 |
|  CPU_CLK_UNHALTED_REF |  FIXC2  | 54083530000 |
|       TEMP_CORE       |   TMP0  |         202 |
|     PWR_PKG_ENERGY    |   PWR0  |    177.5508 |
|     PWR_PP0_ENERGY    |   PWR1  |    171.6522 |
|     PWR_PP1_ENERGY    |   PWR2  |      0.0824 |
|    PWR_DRAM_ENERGY    |   PWR3  |     16.1749 |
+-----------------------+---------+-------------+

+----------------------+-----------+
|        Metric        |   Core 3  |
+----------------------+-----------+
|  Runtime (RDTSC) [s] |   16.1114 |
| Runtime unhalted [s] |   17.6479 |
|      Clock [MHz]     | 3789.9293 |
|          CPI         |    0.8545 |
|    Temperature [C]   |       202 |
|      Energy [J]      |  177.5508 |
|       Power [W]      |   11.0202 |
|    Energy PP0 [J]    |  171.6522 |
|     Power PP0 [W]    |   10.6541 |
|    Energy PP1 [J]    |    0.0824 |
|     Power PP1 [W]    |    0.0051 |
|    Energy DRAM [J]   |   16.1749 |
|    Power DRAM [W]    |    1.0039 |
+----------------------+-----------+

