--------------------------------------------------------------------------------
CPU name:	Intel(R) Core(TM) i5-7500 CPU @ 3.40GHz
CPU type:	Intel Coffeelake processor
CPU clock:	3.41 GHz
--------------------------------------------------------------------------------
TAMANHO: 2048
 mat_vet Tempo médio: 2.553222
TAMANHO: 2048
 mat_mat Tempo médio: 5775.366455
--------------------------------------------------------------------------------
Region MAT_VET, Group 1: ENERGY
+-------------------+----------+
|    Region Info    |  Core 3  |
+-------------------+----------+
| RDTSC Runtime [s] | 0.002555 |
|     call count    |        1 |
+-------------------+----------+

+-----------------------+---------+---------+
|         Event         | Counter |  Core 3 |
+-----------------------+---------+---------+
|   INSTR_RETIRED_ANY   |  FIXC0  | 8661769 |
| CPU_CLK_UNHALTED_CORE |  FIXC1  | 9685781 |
|  CPU_CLK_UNHALTED_REF |  FIXC2  | 8706730 |
|       TEMP_CORE       |   TMP0  |     197 |
|     PWR_PKG_ENERGY    |   PWR0  |  0.0318 |
|     PWR_PP0_ENERGY    |   PWR1  |  0.0281 |
|     PWR_PP1_ENERGY    |   PWR2  |       0 |
|    PWR_DRAM_ENERGY    |   PWR3  |  0.0038 |
+-----------------------+---------+---------+

+----------------------+-----------+
|        Metric        |   Core 3  |
+----------------------+-----------+
|  Runtime (RDTSC) [s] |    0.0026 |
| Runtime unhalted [s] |    0.0028 |
|      Clock [MHz]     | 3790.8510 |
|          CPI         |    1.1182 |
|    Temperature [C]   |       197 |
|      Energy [J]      |    0.0318 |
|       Power [W]      |   12.4448 |
|    Energy PP0 [J]    |    0.0281 |
|     Power PP0 [W]    |   10.9878 |
|    Energy PP1 [J]    |         0 |
|     Power PP1 [W]    |         0 |
|    Energy DRAM [J]   |    0.0038 |
|    Power DRAM [W]    |    1.4810 |
+----------------------+-----------+

Region MAT_MAT, Group 1: ENERGY
+-------------------+----------+
|    Region Info    |  Core 3  |
+-------------------+----------+
| RDTSC Runtime [s] | 5.775410 |
|     call count    |        1 |
+-------------------+----------+

+-----------------------+---------+-------------+
|         Event         | Counter |    Core 3   |
+-----------------------+---------+-------------+
|   INSTR_RETIRED_ANY   |  FIXC0  |  9447623000 |
| CPU_CLK_UNHALTED_CORE |  FIXC1  | 21630260000 |
|  CPU_CLK_UNHALTED_REF |  FIXC2  | 19452420000 |
|       TEMP_CORE       |   TMP0  |         200 |
|     PWR_PKG_ENERGY    |   PWR0  |     59.3845 |
|     PWR_PP0_ENERGY    |   PWR1  |     56.4513 |
|     PWR_PP1_ENERGY    |   PWR2  |      0.0314 |
|    PWR_DRAM_ENERGY    |   PWR3  |     11.0345 |
+-----------------------+---------+-------------+

+----------------------+-----------+
|        Metric        |   Core 3  |
+----------------------+-----------+
|  Runtime (RDTSC) [s] |    5.7754 |
| Runtime unhalted [s] |    6.3475 |
|      Clock [MHz]     | 3789.1801 |
|          CPI         |    2.2895 |
|    Temperature [C]   |       200 |
|      Energy [J]      |   59.3845 |
|       Power [W]      |   10.2823 |
|    Energy PP0 [J]    |   56.4513 |
|     Power PP0 [W]    |    9.7744 |
|    Energy PP1 [J]    |    0.0314 |
|     Power PP1 [W]    |    0.0054 |
|    Energy DRAM [J]   |   11.0345 |
|    Power DRAM [W]    |    1.9106 |
+----------------------+-----------+

