--------------------------------------------------------------------------------
CPU name:	Intel(R) Core(TM) i5-7500 CPU @ 3.40GHz
CPU type:	Intel Coffeelake processor
CPU clock:	3.41 GHz
--------------------------------------------------------------------------------
TAMANHO: 256
 mat_vet Tempo médio: 0.052098
TAMANHO: 256
 mat_mat Tempo médio: 3.378803
--------------------------------------------------------------------------------
Region MAT_VET, Group 1: ENERGY
+-------------------+----------+
|    Region Info    |  Core 3  |
+-------------------+----------+
| RDTSC Runtime [s] | 0.000054 |
|     call count    |        1 |
+-------------------+----------+

+-----------------------+---------+--------+
|         Event         | Counter | Core 3 |
+-----------------------+---------+--------+
|   INSTR_RETIRED_ANY   |  FIXC0  | 142154 |
| CPU_CLK_UNHALTED_CORE |  FIXC1  | 214726 |
|  CPU_CLK_UNHALTED_REF |  FIXC2  | 193120 |
|       TEMP_CORE       |   TMP0  |    197 |
|     PWR_PKG_ENERGY    |   PWR0  |      0 |
|     PWR_PP0_ENERGY    |   PWR1  | 0.0021 |
|     PWR_PP1_ENERGY    |   PWR2  |      0 |
|    PWR_DRAM_ENERGY    |   PWR3  |      0 |
+-----------------------+---------+--------+

+----------------------+-----------+
|        Metric        |   Core 3  |
+----------------------+-----------+
|  Runtime (RDTSC) [s] |    0.0001 |
| Runtime unhalted [s] |    0.0001 |
|      Clock [MHz]     | 3789.2721 |
|          CPI         |    1.5105 |
|    Temperature [C]   |       197 |
|      Energy [J]      |         0 |
|       Power [W]      |         0 |
|    Energy PP0 [J]    |    0.0021 |
|     Power PP0 [W]    |   38.4190 |
|    Energy PP1 [J]    |         0 |
|     Power PP1 [W]    |         0 |
|    Energy DRAM [J]   |         0 |
|    Power DRAM [W]    |         0 |
+----------------------+-----------+

Region MAT_MAT, Group 1: ENERGY
+-------------------+----------+
|    Region Info    |  Core 3  |
+-------------------+----------+
| RDTSC Runtime [s] | 0.003379 |
|     call count    |        1 |
+-------------------+----------+

+-----------------------+---------+----------+
|         Event         | Counter |  Core 3  |
+-----------------------+---------+----------+
|   INSTR_RETIRED_ANY   |  FIXC0  | 18485130 |
| CPU_CLK_UNHALTED_CORE |  FIXC1  | 11483030 |
|  CPU_CLK_UNHALTED_REF |  FIXC2  | 10324110 |
|       TEMP_CORE       |   TMP0  |      199 |
|     PWR_PKG_ENERGY    |   PWR0  |   0.0473 |
|     PWR_PP0_ENERGY    |   PWR1  |   0.0420 |
|     PWR_PP1_ENERGY    |   PWR2  |        0 |
|    PWR_DRAM_ENERGY    |   PWR3  |   0.0013 |
+-----------------------+---------+----------+

+----------------------+-----------+
|        Metric        |   Core 3  |
+----------------------+-----------+
|  Runtime (RDTSC) [s] |    0.0034 |
| Runtime unhalted [s] |    0.0034 |
|      Clock [MHz]     | 3790.5505 |
|          CPI         |    0.6212 |
|    Temperature [C]   |       199 |
|      Energy [J]      |    0.0473 |
|       Power [W]      |   13.9986 |
|    Energy PP0 [J]    |    0.0420 |
|     Power PP0 [W]    |   12.4271 |
|    Energy PP1 [J]    |         0 |
|     Power PP1 [W]    |         0 |
|    Energy DRAM [J]   |    0.0013 |
|    Power DRAM [W]    |    0.3974 |
+----------------------+-----------+

