--------------------------------------------------------------------------------
CPU name:	Intel(R) Core(TM) i5-7500 CPU @ 3.40GHz
CPU type:	Intel Coffeelake processor
CPU clock:	3.41 GHz
--------------------------------------------------------------------------------
TAMANHO: 900
 mat_vet Tempo médio: 0.438993
TAMANHO: 900
 mat_mat Tempo médio: 1047.678117
--------------------------------------------------------------------------------
Region MAT_VET, Group 1: ENERGY
+-------------------+----------+
|    Region Info    |  Core 3  |
+-------------------+----------+
| RDTSC Runtime [s] | 0.000441 |
|     call count    |        1 |
+-------------------+----------+

+-----------------------+---------+---------+
|         Event         | Counter |  Core 3 |
+-----------------------+---------+---------+
|   INSTR_RETIRED_ANY   |  FIXC0  | 1702043 |
| CPU_CLK_UNHALTED_CORE |  FIXC1  | 1675601 |
|  CPU_CLK_UNHALTED_REF |  FIXC2  | 1506478 |
|       TEMP_CORE       |   TMP0  |     197 |
|     PWR_PKG_ENERGY    |   PWR0  |  0.0102 |
|     PWR_PP0_ENERGY    |   PWR1  |  0.0063 |
|     PWR_PP1_ENERGY    |   PWR2  |       0 |
|    PWR_DRAM_ENERGY    |   PWR3  |  0.0010 |
+-----------------------+---------+---------+

+----------------------+-----------+
|        Metric        |   Core 3  |
+----------------------+-----------+
|  Runtime (RDTSC) [s] |    0.0004 |
| Runtime unhalted [s] |    0.0005 |
|      Clock [MHz]     | 3790.6234 |
|          CPI         |    0.9845 |
|    Temperature [C]   |       197 |
|      Energy [J]      |    0.0102 |
|       Power [W]      |   23.1358 |
|    Energy PP0 [J]    |    0.0063 |
|     Power PP0 [W]    |   14.2694 |
|    Energy PP1 [J]    |         0 |
|     Power PP1 [W]    |         0 |
|    Energy DRAM [J]   |    0.0010 |
|    Power DRAM [W]    |    2.2166 |
+----------------------+-----------+

Region MAT_MAT, Group 1: ENERGY
+-------------------+----------+
|    Region Info    |  Core 3  |
+-------------------+----------+
| RDTSC Runtime [s] | 1.047687 |
|     call count    |        1 |
+-------------------+----------+

+-----------------------+---------+------------+
|         Event         | Counter |   Core 3   |
+-----------------------+---------+------------+
|   INSTR_RETIRED_ANY   |  FIXC0  | 5171859000 |
| CPU_CLK_UNHALTED_CORE |  FIXC1  | 3921899000 |
|  CPU_CLK_UNHALTED_REF |  FIXC2  | 3527110000 |
|       TEMP_CORE       |   TMP0  |        202 |
|     PWR_PKG_ENERGY    |   PWR0  |    10.5391 |
|     PWR_PP0_ENERGY    |   PWR1  |    10.2215 |
|     PWR_PP1_ENERGY    |   PWR2  |     0.0059 |
|    PWR_DRAM_ENERGY    |   PWR3  |     0.5261 |
+-----------------------+---------+------------+

+----------------------+-----------+
|        Metric        |   Core 3  |
+----------------------+-----------+
|  Runtime (RDTSC) [s] |    1.0477 |
| Runtime unhalted [s] |    1.1508 |
|      Clock [MHz]     | 3789.4853 |
|          CPI         |    0.7583 |
|    Temperature [C]   |       202 |
|      Energy [J]      |   10.5391 |
|       Power [W]      |   10.0594 |
|    Energy PP0 [J]    |   10.2215 |
|     Power PP0 [W]    |    9.7563 |
|    Energy PP1 [J]    |    0.0059 |
|     Power PP1 [W]    |    0.0056 |
|    Energy DRAM [J]   |    0.5261 |
|    Power DRAM [W]    |    0.5021 |
+----------------------+-----------+

