--------------------------------------------------------------------------------
CPU name:	Intel(R) Core(TM) i5-7500 CPU @ 3.40GHz
CPU type:	Intel Coffeelake processor
CPU clock:	3.41 GHz
--------------------------------------------------------------------------------
TAMANHO: 3000
 mat_vet Tempo médio: 4.610918
TAMANHO: 3000
 mat_mat Tempo médio: 6389.320349
--------------------------------------------------------------------------------
Region MAT_VET, Group 1: ENERGY
+-------------------+----------+
|    Region Info    |  Core 3  |
+-------------------+----------+
| RDTSC Runtime [s] | 0.004614 |
|     call count    |        1 |
+-------------------+----------+

+-----------------------+---------+----------+
|         Event         | Counter |  Core 3  |
+-----------------------+---------+----------+
|   INSTR_RETIRED_ANY   |  FIXC0  | 18575660 |
| CPU_CLK_UNHALTED_CORE |  FIXC1  | 16997390 |
|  CPU_CLK_UNHALTED_REF |  FIXC2  | 15287440 |
|       TEMP_CORE       |   TMP0  |      198 |
|     PWR_PKG_ENERGY    |   PWR0  |   0.0564 |
|     PWR_PP0_ENERGY    |   PWR1  |   0.0521 |
|     PWR_PP1_ENERGY    |   PWR2  |        0 |
|    PWR_DRAM_ENERGY    |   PWR3  |   0.0087 |
+-----------------------+---------+----------+

+----------------------+-----------+
|        Metric        |   Core 3  |
+----------------------+-----------+
|  Runtime (RDTSC) [s] |    0.0046 |
| Runtime unhalted [s] |    0.0050 |
|      Clock [MHz]     | 3789.2236 |
|          CPI         |    0.9150 |
|    Temperature [C]   |       198 |
|      Energy [J]      |    0.0564 |
|       Power [W]      |   12.2237 |
|    Energy PP0 [J]    |    0.0521 |
|     Power PP0 [W]    |   11.2844 |
|    Energy PP1 [J]    |         0 |
|     Power PP1 [W]    |         0 |
|    Energy DRAM [J]   |    0.0087 |
|    Power DRAM [W]    |    1.8785 |
+----------------------+-----------+

Region MAT_MAT, Group 1: ENERGY
+-------------------+----------+
|    Region Info    |  Core 3  |
+-------------------+----------+
| RDTSC Runtime [s] | 6.389618 |
|     call count    |        1 |
+-------------------+----------+

+-----------------------+---------+-------------+
|         Event         | Counter |    Core 3   |
+-----------------------+---------+-------------+
|   INSTR_RETIRED_ANY   |  FIXC0  | 29693840000 |
| CPU_CLK_UNHALTED_CORE |  FIXC1  | 23836820000 |
|  CPU_CLK_UNHALTED_REF |  FIXC2  | 21433410000 |
|       TEMP_CORE       |   TMP0  |         202 |
|     PWR_PKG_ENERGY    |   PWR0  |     71.6300 |
|     PWR_PP0_ENERGY    |   PWR1  |     69.2598 |
|     PWR_PP1_ENERGY    |   PWR2  |      0.0367 |
|    PWR_DRAM_ENERGY    |   PWR3  |      6.6395 |
+-----------------------+---------+-------------+

+----------------------+-----------+
|        Metric        |   Core 3  |
+----------------------+-----------+
|  Runtime (RDTSC) [s] |    6.3896 |
| Runtime unhalted [s] |    6.9943 |
|      Clock [MHz]     | 3790.1798 |
|          CPI         |    0.8028 |
|    Temperature [C]   |       202 |
|      Energy [J]      |   71.6300 |
|       Power [W]      |   11.2104 |
|    Energy PP0 [J]    |   69.2598 |
|     Power PP0 [W]    |   10.8394 |
|    Energy PP1 [J]    |    0.0367 |
|     Power PP1 [W]    |    0.0057 |
|    Energy DRAM [J]   |    6.6395 |
|    Power DRAM [W]    |    1.0391 |
+----------------------+-----------+

