--------------------------------------------------------------------------------
CPU name:	Intel(R) Core(TM) i5-7500 CPU @ 3.40GHz
CPU type:	Intel Coffeelake processor
CPU clock:	3.41 GHz
--------------------------------------------------------------------------------
TAMANHO: 1024
 mat_vet Tempo médio: 0.638881
TAMANHO: 1024
 mat_mat Tempo médio: 450.189784
--------------------------------------------------------------------------------
Region MAT_VET, Group 1: ENERGY
+-------------------+----------+
|    Region Info    |  Core 3  |
+-------------------+----------+
| RDTSC Runtime [s] | 0.000641 |
|     call count    |        1 |
+-------------------+----------+

+-----------------------+---------+---------+
|         Event         | Counter |  Core 3 |
+-----------------------+---------+---------+
|   INSTR_RETIRED_ANY   |  FIXC0  | 2171399 |
| CPU_CLK_UNHALTED_CORE |  FIXC1  | 2436482 |
|  CPU_CLK_UNHALTED_REF |  FIXC2  | 2190634 |
|       TEMP_CORE       |   TMP0  |     197 |
|     PWR_PKG_ENERGY    |   PWR0  |  0.0099 |
|     PWR_PP0_ENERGY    |   PWR1  |  0.0083 |
|     PWR_PP1_ENERGY    |   PWR2  |       0 |
|    PWR_DRAM_ENERGY    |   PWR3  |  0.0007 |
+-----------------------+---------+---------+

+----------------------+-----------+
|        Metric        |   Core 3  |
+----------------------+-----------+
|  Runtime (RDTSC) [s] |    0.0006 |
| Runtime unhalted [s] |    0.0007 |
|      Clock [MHz]     | 3790.4719 |
|          CPI         |    1.1221 |
|    Temperature [C]   |       197 |
|      Energy [J]      |    0.0099 |
|       Power [W]      |   15.5221 |
|    Energy PP0 [J]    |    0.0083 |
|     Power PP0 [W]    |   12.9509 |
|    Energy PP1 [J]    |         0 |
|     Power PP1 [W]    |         0 |
|    Energy DRAM [J]   |    0.0007 |
|    Power DRAM [W]    |    1.0475 |
+----------------------+-----------+

Region MAT_MAT, Group 1: ENERGY
+-------------------+----------+
|    Region Info    |  Core 3  |
+-------------------+----------+
| RDTSC Runtime [s] | 0.450194 |
|     call count    |        1 |
+-------------------+----------+

+-----------------------+---------+------------+
|         Event         | Counter |   Core 3   |
+-----------------------+---------+------------+
|   INSTR_RETIRED_ANY   |  FIXC0  | 1181214000 |
| CPU_CLK_UNHALTED_CORE |  FIXC1  | 1671229000 |
|  CPU_CLK_UNHALTED_REF |  FIXC2  | 1502810000 |
|       TEMP_CORE       |   TMP0  |        201 |
|     PWR_PKG_ENERGY    |   PWR0  |     5.0460 |
|     PWR_PP0_ENERGY    |   PWR1  |     4.8396 |
|     PWR_PP1_ENERGY    |   PWR2  |     0.0060 |
|    PWR_DRAM_ENERGY    |   PWR3  |     0.6640 |
+-----------------------+---------+------------+

+----------------------+-----------+
|        Metric        |   Core 3  |
+----------------------+-----------+
|  Runtime (RDTSC) [s] |    0.4502 |
| Runtime unhalted [s] |    0.4904 |
|      Clock [MHz]     | 3789.9352 |
|          CPI         |    1.4148 |
|    Temperature [C]   |       201 |
|      Energy [J]      |    5.0460 |
|       Power [W]      |   11.2086 |
|    Energy PP0 [J]    |    4.8396 |
|     Power PP0 [W]    |   10.7500 |
|    Energy PP1 [J]    |    0.0060 |
|     Power PP1 [W]    |    0.0133 |
|    Energy DRAM [J]   |    0.6640 |
|    Power DRAM [W]    |    1.4749 |
+----------------------+-----------+

