--------------------------------------------------------------------------------
CPU name:	Intel(R) Core(TM) i5-7500 CPU @ 3.40GHz
CPU type:	Intel Coffeelake processor
CPU clock:	3.41 GHz
--------------------------------------------------------------------------------
TAMANHO: 0
 mat_vet Tempo médio: 0.000261
TAMANHO: 0
 mat_mat Tempo médio: 0.000131
--------------------------------------------------------------------------------
Region MAT_VET, Group 1: ENERGY
+-------------------+----------+
|    Region Info    |  Core 3  |
+-------------------+----------+
| RDTSC Runtime [s] | 0.000002 |
|     call count    |        1 |
+-------------------+----------+

+-----------------------+---------+--------+
|         Event         | Counter | Core 3 |
+-----------------------+---------+--------+
|   INSTR_RETIRED_ANY   |  FIXC0  |   6384 |
| CPU_CLK_UNHALTED_CORE |  FIXC1  |  18748 |
|  CPU_CLK_UNHALTED_REF |  FIXC2  |  17182 |
|       TEMP_CORE       |   TMP0  |    197 |
|     PWR_PKG_ENERGY    |   PWR0  |      0 |
|     PWR_PP0_ENERGY    |   PWR1  | 0.0016 |
|     PWR_PP1_ENERGY    |   PWR2  |      0 |
|    PWR_DRAM_ENERGY    |   PWR3  | 0.0004 |
+-----------------------+---------+--------+

+----------------------+--------------+
|        Metric        |    Core 3    |
+----------------------+--------------+
|  Runtime (RDTSC) [s] | 1.799870e-06 |
| Runtime unhalted [s] | 5.501126e-06 |
|      Clock [MHz]     |    3718.6436 |
|          CPI         |       2.9367 |
|    Temperature [C]   |          197 |
|      Energy [J]      |            0 |
|       Power [W]      |            0 |
|    Energy PP0 [J]    |       0.0016 |
|     Power PP0 [W]    |     881.6826 |
|    Energy PP1 [J]    |            0 |
|     Power PP1 [W]    |            0 |
|    Energy DRAM [J]   |       0.0004 |
|    Power DRAM [W]    |     203.4652 |
+----------------------+--------------+

Region MAT_MAT, Group 1: ENERGY
+-------------------+----------+
|    Region Info    |  Core 3  |
+-------------------+----------+
| RDTSC Runtime [s] | 0.000000 |
|     call count    |        1 |
+-------------------+----------+

+-----------------------+---------+--------+
|         Event         | Counter | Core 3 |
+-----------------------+---------+--------+
|   INSTR_RETIRED_ANY   |  FIXC0  |   4181 |
| CPU_CLK_UNHALTED_CORE |  FIXC1  |  10438 |
|  CPU_CLK_UNHALTED_REF |  FIXC2  |   9372 |
|       TEMP_CORE       |   TMP0  |    197 |
|     PWR_PKG_ENERGY    |   PWR0  |      0 |
|     PWR_PP0_ENERGY    |   PWR1  | 0.0014 |
|     PWR_PP1_ENERGY    |   PWR2  |      0 |
|    PWR_DRAM_ENERGY    |   PWR3  |      0 |
+-----------------------+---------+--------+

+----------------------+--------------+
|        Metric        |    Core 3    |
+----------------------+--------------+
|  Runtime (RDTSC) [s] | 3.168991e-07 |
| Runtime unhalted [s] | 3.062767e-06 |
|      Clock [MHz]     |    3795.6690 |
|          CPI         |       2.4965 |
|    Temperature [C]   |          197 |
|      Energy [J]      |            0 |
|       Power [W]      |            0 |
|    Energy PP0 [J]    |       0.0014 |
|     Power PP0 [W]    |    4429.8296 |
|    Energy PP1 [J]    |            0 |
|     Power PP1 [W]    |            0 |
|    Energy DRAM [J]   |            0 |
|    Power DRAM [W]    |            0 |
+----------------------+--------------+

