--------------------------------------------------------------------------------
CPU name:	Intel(R) Core(TM) i5-7500 CPU @ 3.40GHz
CPU type:	Intel Coffeelake processor
CPU clock:	3.41 GHz
--------------------------------------------------------------------------------
TAMANHO: 200
 mat_vet Tempo médio: 0.038355
TAMANHO: 200
 mat_mat Tempo médio: 1.288333
--------------------------------------------------------------------------------
Region MAT_VET, Group 1: ENERGY
+-------------------+----------+
|    Region Info    |  Core 3  |
+-------------------+----------+
| RDTSC Runtime [s] | 0.000040 |
|     call count    |        1 |
+-------------------+----------+

+-----------------------+---------+--------+
|         Event         | Counter | Core 3 |
+-----------------------+---------+--------+
|   INSTR_RETIRED_ANY   |  FIXC0  |  89356 |
| CPU_CLK_UNHALTED_CORE |  FIXC1  | 162235 |
|  CPU_CLK_UNHALTED_REF |  FIXC2  | 146402 |
|       TEMP_CORE       |   TMP0  |    197 |
|     PWR_PKG_ENERGY    |   PWR0  |      0 |
|     PWR_PP0_ENERGY    |   PWR1  | 0.0020 |
|     PWR_PP1_ENERGY    |   PWR2  |      0 |
|    PWR_DRAM_ENERGY    |   PWR3  |      0 |
+-----------------------+---------+--------+

+----------------------+--------------+
|        Metric        |    Core 3    |
+----------------------+--------------+
|  Runtime (RDTSC) [s] | 3.999946e-05 |
| Runtime unhalted [s] | 4.760755e-05 |
|      Clock [MHz]     |    3776.2977 |
|          CPI         |       1.8156 |
|    Temperature [C]   |          197 |
|      Energy [J]      |            0 |
|       Power [W]      |            0 |
|    Energy PP0 [J]    |       0.0020 |
|     Power PP0 [W]    |      50.3547 |
|    Energy PP1 [J]    |            0 |
|     Power PP1 [W]    |            0 |
|    Energy DRAM [J]   |            0 |
|    Power DRAM [W]    |            0 |
+----------------------+--------------+

Region MAT_MAT, Group 1: ENERGY
+-------------------+----------+
|    Region Info    |  Core 3  |
+-------------------+----------+
| RDTSC Runtime [s] | 0.001289 |
|     call count    |        1 |
+-------------------+----------+

+-----------------------+---------+---------+
|         Event         | Counter |  Core 3 |
+-----------------------+---------+---------+
|   INSTR_RETIRED_ANY   |  FIXC0  | 8821027 |
| CPU_CLK_UNHALTED_CORE |  FIXC1  | 4175456 |
|  CPU_CLK_UNHALTED_REF |  FIXC2  | 3754622 |
|       TEMP_CORE       |   TMP0  |     198 |
|     PWR_PKG_ENERGY    |   PWR0  |  0.0227 |
|     PWR_PP0_ENERGY    |   PWR1  |  0.0167 |
|     PWR_PP1_ENERGY    |   PWR2  |       0 |
|    PWR_DRAM_ENERGY    |   PWR3  |  0.0007 |
+-----------------------+---------+---------+

+----------------------+-----------+
|        Metric        |   Core 3  |
+----------------------+-----------+
|  Runtime (RDTSC) [s] |    0.0013 |
| Runtime unhalted [s] |    0.0012 |
|      Clock [MHz]     | 3789.7134 |
|          CPI         |    0.4734 |
|    Temperature [C]   |       198 |
|      Energy [J]      |    0.0227 |
|       Power [W]      |   17.6196 |
|    Energy PP0 [J]    |    0.0167 |
|     Power PP0 [W]    |   12.9305 |
|    Energy PP1 [J]    |         0 |
|     Power PP1 [W]    |         0 |
|    Energy DRAM [J]   |    0.0007 |
|    Power DRAM [W]    |    0.5210 |
+----------------------+-----------+

