--------------------------------------------------------------------------------
CPU name:	Intel(R) Core(TM) i5-7500 CPU @ 3.40GHz
CPU type:	Intel Coffeelake processor
CPU clock:	3.41 GHz
--------------------------------------------------------------------------------
TAMANHO: 600
 mat_vet Tempo médio: 0.205634
TAMANHO: 600
 mat_mat Tempo médio: 32.370494
--------------------------------------------------------------------------------
Region MAT_VET, Group 1: ENERGY
+-------------------+----------+
|    Region Info    |  Core 3  |
+-------------------+----------+
| RDTSC Runtime [s] | 0.000207 |
|     call count    |        1 |
+-------------------+----------+

+-----------------------+---------+--------+
|         Event         | Counter | Core 3 |
+-----------------------+---------+--------+
|   INSTR_RETIRED_ANY   |  FIXC0  | 750257 |
| CPU_CLK_UNHALTED_CORE |  FIXC1  | 789193 |
|  CPU_CLK_UNHALTED_REF |  FIXC2  | 709148 |
|       TEMP_CORE       |   TMP0  |    196 |
|     PWR_PKG_ENERGY    |   PWR0  |      0 |
|     PWR_PP0_ENERGY    |   PWR1  | 0.0038 |
|     PWR_PP1_ENERGY    |   PWR2  |      0 |
|    PWR_DRAM_ENERGY    |   PWR3  |      0 |
+-----------------------+---------+--------+

+----------------------+-----------+
|        Metric        |   Core 3  |
+----------------------+-----------+
|  Runtime (RDTSC) [s] |    0.0002 |
| Runtime unhalted [s] |    0.0002 |
|      Clock [MHz]     | 3792.7074 |
|          CPI         |    1.0519 |
|    Temperature [C]   |       196 |
|      Energy [J]      |         0 |
|       Power [W]      |         0 |
|    Energy PP0 [J]    |    0.0038 |
|     Power PP0 [W]    |   18.5579 |
|    Energy PP1 [J]    |         0 |
|     Power PP1 [W]    |         0 |
|    Energy DRAM [J]   |         0 |
|    Power DRAM [W]    |         0 |
+----------------------+-----------+

Region MAT_MAT, Group 1: ENERGY
+-------------------+----------+
|    Region Info    |  Core 3  |
+-------------------+----------+
| RDTSC Runtime [s] | 0.032371 |
|     call count    |        1 |
+-------------------+----------+

+-----------------------+---------+-----------+
|         Event         | Counter |   Core 3  |
+-----------------------+---------+-----------+
|   INSTR_RETIRED_ANY   |  FIXC0  | 237696900 |
| CPU_CLK_UNHALTED_CORE |  FIXC1  | 113694100 |
|  CPU_CLK_UNHALTED_REF |  FIXC2  | 102221400 |
|       TEMP_CORE       |   TMP0  |       203 |
|     PWR_PKG_ENERGY    |   PWR0  |    0.4075 |
|     PWR_PP0_ENERGY    |   PWR1  |    0.3937 |
|     PWR_PP1_ENERGY    |   PWR2  |         0 |
|    PWR_DRAM_ENERGY    |   PWR3  |    0.0110 |
+-----------------------+---------+-----------+

+----------------------+-----------+
|        Metric        |   Core 3  |
+----------------------+-----------+
|  Runtime (RDTSC) [s] |    0.0324 |
| Runtime unhalted [s] |    0.0334 |
|      Clock [MHz]     | 3790.5226 |
|          CPI         |    0.4783 |
|    Temperature [C]   |       203 |
|      Energy [J]      |    0.4075 |
|       Power [W]      |   12.5874 |
|    Energy PP0 [J]    |    0.3937 |
|     Power PP0 [W]    |   12.1613 |
|    Energy PP1 [J]    |         0 |
|     Power PP1 [W]    |         0 |
|    Energy DRAM [J]   |    0.0110 |
|    Power DRAM [W]    |    0.3394 |
+----------------------+-----------+

