--------------------------------------------------------------------------------
CPU name:	Intel(R) Core(TM) i5-7500 CPU @ 3.40GHz
CPU type:	Intel Coffeelake processor
CPU clock:	3.41 GHz
--------------------------------------------------------------------------------
TAMANHO: 2000
 mat_vet Tempo médio: 2.090721
TAMANHO: 2000
 mat_mat Tempo médio: 2091.163945
--------------------------------------------------------------------------------
Region MAT_VET, Group 1: ENERGY
+-------------------+----------+
|    Region Info    |  Core 3  |
+-------------------+----------+
| RDTSC Runtime [s] | 0.002094 |
|     call count    |        1 |
+-------------------+----------+

+-----------------------+---------+---------+
|         Event         | Counter |  Core 3 |
+-----------------------+---------+---------+
|   INSTR_RETIRED_ANY   |  FIXC0  | 8260910 |
| CPU_CLK_UNHALTED_CORE |  FIXC1  | 7702360 |
|  CPU_CLK_UNHALTED_REF |  FIXC2  | 6927754 |
|       TEMP_CORE       |   TMP0  |     197 |
|     PWR_PKG_ENERGY    |   PWR0  |  0.0331 |
|     PWR_PP0_ENERGY    |   PWR1  |  0.0246 |
|     PWR_PP1_ENERGY    |   PWR2  |       0 |
|    PWR_DRAM_ENERGY    |   PWR3  |  0.0042 |
+-----------------------+---------+---------+

+----------------------+-----------+
|        Metric        |   Core 3  |
+----------------------+-----------+
|  Runtime (RDTSC) [s] |    0.0021 |
| Runtime unhalted [s] |    0.0023 |
|      Clock [MHz]     | 3789.0913 |
|          CPI         |    0.9324 |
|    Temperature [C]   |       197 |
|      Energy [J]      |    0.0331 |
|       Power [W]      |   15.8306 |
|    Energy PP0 [J]    |    0.0246 |
|     Power PP0 [W]    |   11.7491 |
|    Energy PP1 [J]    |         0 |
|     Power PP1 [W]    |         0 |
|    Energy DRAM [J]   |    0.0042 |
|    Power DRAM [W]    |    1.9825 |
+----------------------+-----------+

Region MAT_MAT, Group 1: ENERGY
+-------------------+----------+
|    Region Info    |  Core 3  |
+-------------------+----------+
| RDTSC Runtime [s] | 2.091584 |
|     call count    |        1 |
+-------------------+----------+

+-----------------------+---------+------------+
|         Event         | Counter |   Core 3   |
+-----------------------+---------+------------+
|   INSTR_RETIRED_ANY   |  FIXC0  | 8798830000 |
| CPU_CLK_UNHALTED_CORE |  FIXC1  | 7770263000 |
|  CPU_CLK_UNHALTED_REF |  FIXC2  | 6988060000 |
|       TEMP_CORE       |   TMP0  |        202 |
|     PWR_PKG_ENERGY    |   PWR0  |    22.9943 |
|     PWR_PP0_ENERGY    |   PWR1  |    22.2503 |
|     PWR_PP1_ENERGY    |   PWR2  |     0.0125 |
|    PWR_DRAM_ENERGY    |   PWR3  |     1.9946 |
+-----------------------+---------+------------+

+----------------------+-----------+
|        Metric        |   Core 3  |
+----------------------+-----------+
|  Runtime (RDTSC) [s] |    2.0916 |
| Runtime unhalted [s] |    2.2800 |
|      Clock [MHz]     | 3789.5078 |
|          CPI         |    0.8831 |
|    Temperature [C]   |       202 |
|      Energy [J]      |   22.9943 |
|       Power [W]      |   10.9937 |
|    Energy PP0 [J]    |   22.2503 |
|     Power PP0 [W]    |   10.6380 |
|    Energy PP1 [J]    |    0.0125 |
|     Power PP1 [W]    |    0.0060 |
|    Energy DRAM [J]   |    1.9946 |
|    Power DRAM [W]    |    0.9536 |
+----------------------+-----------+

