--------------------------------------------------------------------------------
CPU name:	Intel(R) Core(TM) i5-7500 CPU @ 3.40GHz
CPU type:	Intel Coffeelake processor
CPU clock:	3.41 GHz
--------------------------------------------------------------------------------
TAMANHO: 512
 mat_vet Tempo médio: 0.182845
TAMANHO: 512
 mat_mat Tempo médio: 33.831078
--------------------------------------------------------------------------------
Region MAT_VET, Group 1: ENERGY
+-------------------+----------+
|    Region Info    |  Core 3  |
+-------------------+----------+
| RDTSC Runtime [s] | 0.000185 |
|     call count    |        1 |
+-------------------+----------+

+-----------------------+---------+--------+
|         Event         | Counter | Core 3 |
+-----------------------+---------+--------+
|   INSTR_RETIRED_ANY   |  FIXC0  | 548230 |
| CPU_CLK_UNHALTED_CORE |  FIXC1  | 708852 |
|  CPU_CLK_UNHALTED_REF |  FIXC2  | 636870 |
|       TEMP_CORE       |   TMP0  |    197 |
|     PWR_PKG_ENERGY    |   PWR0  |      0 |
|     PWR_PP0_ENERGY    |   PWR1  | 0.0034 |
|     PWR_PP1_ENERGY    |   PWR2  |      0 |
|    PWR_DRAM_ENERGY    |   PWR3  |      0 |
+-----------------------+---------+--------+

+----------------------+-----------+
|        Metric        |   Core 3  |
+----------------------+-----------+
|  Runtime (RDTSC) [s] |    0.0002 |
| Runtime unhalted [s] |    0.0002 |
|      Clock [MHz]     | 3793.1428 |
|          CPI         |    1.2930 |
|    Temperature [C]   |       197 |
|      Energy [J]      |         0 |
|       Power [W]      |         0 |
|    Energy PP0 [J]    |    0.0034 |
|     Power PP0 [W]    |   18.5110 |
|    Energy PP1 [J]    |         0 |
|     Power PP1 [W]    |         0 |
|    Energy DRAM [J]   |         0 |
|    Power DRAM [W]    |         0 |
+----------------------+-----------+

Region MAT_MAT, Group 1: ENERGY
+-------------------+----------+
|    Region Info    |  Core 3  |
+-------------------+----------+
| RDTSC Runtime [s] | 0.033832 |
|     call count    |        1 |
+-------------------+----------+

+-----------------------+---------+-----------+
|         Event         | Counter |   Core 3  |
+-----------------------+---------+-----------+
|   INSTR_RETIRED_ANY   |  FIXC0  | 147720400 |
| CPU_CLK_UNHALTED_CORE |  FIXC1  | 121890200 |
|  CPU_CLK_UNHALTED_REF |  FIXC2  | 109589900 |
|       TEMP_CORE       |   TMP0  |       201 |
|     PWR_PKG_ENERGY    |   PWR0  |    0.4343 |
|     PWR_PP0_ENERGY    |   PWR1  |    0.4247 |
|     PWR_PP1_ENERGY    |   PWR2  |         0 |
|    PWR_DRAM_ENERGY    |   PWR3  |    0.0103 |
+-----------------------+---------+-----------+

+----------------------+-----------+
|        Metric        |   Core 3  |
+----------------------+-----------+
|  Runtime (RDTSC) [s] |    0.0338 |
| Runtime unhalted [s] |    0.0358 |
|      Clock [MHz]     | 3790.4666 |
|          CPI         |    0.8251 |
|    Temperature [C]   |       201 |
|      Energy [J]      |    0.4343 |
|       Power [W]      |   12.8360 |
|    Energy PP0 [J]    |    0.4247 |
|     Power PP0 [W]    |   12.5546 |
|    Energy PP1 [J]    |         0 |
|     Power PP1 [W]    |         0 |
|    Energy DRAM [J]   |    0.0103 |
|    Power DRAM [W]    |    0.3031 |
+----------------------+-----------+

