--------------------------------------------------------------------------------
CPU name:	Intel(R) Core(TM) i5-7500 CPU @ 3.40GHz
CPU type:	Intel Coffeelake processor
CPU clock:	3.41 GHz
--------------------------------------------------------------------------------
TAMANHO: 100
 mat_vet Tempo médio: 0.008671
TAMANHO: 100
 mat_mat Tempo médio: 0.921739
--------------------------------------------------------------------------------
Region MAT_VET, Group 1: ENERGY
+-------------------+----------+
|    Region Info    |  Core 3  |
+-------------------+----------+
| RDTSC Runtime [s] | 0.000010 |
|     call count    |        1 |
+-------------------+----------+

+-----------------------+---------+--------+
|         Event         | Counter | Core 3 |
+-----------------------+---------+--------+
|   INSTR_RETIRED_ANY   |  FIXC0  |  29841 |
| CPU_CLK_UNHALTED_CORE |  FIXC1  |  51595 |
|  CPU_CLK_UNHALTED_REF |  FIXC2  |  46718 |
|       TEMP_CORE       |   TMP0  |    197 |
|     PWR_PKG_ENERGY    |   PWR0  |      0 |
|     PWR_PP0_ENERGY    |   PWR1  | 0.0020 |
|     PWR_PP1_ENERGY    |   PWR2  |      0 |
|    PWR_DRAM_ENERGY    |   PWR3  |      0 |
+-----------------------+---------+--------+

+----------------------+--------------+
|        Metric        |    Core 3    |
+----------------------+--------------+
|  Runtime (RDTSC) [s] | 1.029218e-05 |
| Runtime unhalted [s] | 1.513926e-05 |
|      Clock [MHz]     |    3763.7984 |
|          CPI         |       1.7290 |
|    Temperature [C]   |          197 |
|      Energy [J]      |            0 |
|       Power [W]      |            0 |
|    Energy PP0 [J]    |       0.0020 |
|     Power PP0 [W]    |     189.7679 |
|    Energy PP1 [J]    |            0 |
|     Power PP1 [W]    |            0 |
|    Energy DRAM [J]   |            0 |
|    Power DRAM [W]    |            0 |
+----------------------+--------------+

Region MAT_MAT, Group 1: ENERGY
+-------------------+----------+
|    Region Info    |  Core 3  |
+-------------------+----------+
| RDTSC Runtime [s] | 0.000922 |
|     call count    |        1 |
+-------------------+----------+

+-----------------------+---------+---------+
|         Event         | Counter |  Core 3 |
+-----------------------+---------+---------+
|   INSTR_RETIRED_ANY   |  FIXC0  | 7062552 |
| CPU_CLK_UNHALTED_CORE |  FIXC1  | 3447743 |
|  CPU_CLK_UNHALTED_REF |  FIXC2  | 3099150 |
|       TEMP_CORE       |   TMP0  |     198 |
|     PWR_PKG_ENERGY    |   PWR0  |  0.0200 |
|     PWR_PP0_ENERGY    |   PWR1  |  0.0110 |
|     PWR_PP1_ENERGY    |   PWR2  |       0 |
|    PWR_DRAM_ENERGY    |   PWR3  |  0.0006 |
+-----------------------+---------+---------+

+----------------------+-----------+
|        Metric        |   Core 3  |
+----------------------+-----------+
|  Runtime (RDTSC) [s] |    0.0009 |
| Runtime unhalted [s] |    0.0010 |
|      Clock [MHz]     | 3791.3621 |
|          CPI         |    0.4882 |
|    Temperature [C]   |       198 |
|      Energy [J]      |    0.0200 |
|       Power [W]      |   21.7141 |
|    Energy PP0 [J]    |    0.0110 |
|     Power PP0 [W]    |   11.9163 |
|    Energy PP1 [J]    |         0 |
|     Power PP1 [W]    |         0 |
|    Energy DRAM [J]   |    0.0006 |
|    Power DRAM [W]    |    0.6620 |
+----------------------+-----------+

