--------------------------------------------------------------------------------
CPU name:	Intel(R) Core(TM) i5-7500 CPU @ 3.40GHz
CPU type:	Intel Coffeelake processor
CPU clock:	3.41 GHz
--------------------------------------------------------------------------------
TAMANHO: 512
 mat_vet Tempo médio: 0.179009
TAMANHO: 512
 mat_mat Tempo médio: 34.277241
--------------------------------------------------------------------------------
Region MAT_VET, Group 1: FLOPS_DP
+-------------------+----------+
|    Region Info    |  Core 3  |
+-------------------+----------+
| RDTSC Runtime [s] | 0.000181 |
|     call count    |        1 |
+-------------------+----------+

+------------------------------------------+---------+--------+
|                   Event                  | Counter | Core 3 |
+------------------------------------------+---------+--------+
|             INSTR_RETIRED_ANY            |  FIXC0  | 547309 |
|           CPU_CLK_UNHALTED_CORE          |  FIXC1  | 692774 |
|           CPU_CLK_UNHALTED_REF           |  FIXC2  | 622812 |
| FP_ARITH_INST_RETIRED_128B_PACKED_DOUBLE |   PMC0  |  65536 |
|    FP_ARITH_INST_RETIRED_SCALAR_DOUBLE   |   PMC1  | 131089 |
| FP_ARITH_INST_RETIRED_256B_PACKED_DOUBLE |   PMC2  |  65536 |
+------------------------------------------+---------+--------+

+----------------------+-----------+
|        Metric        |   Core 3  |
+----------------------+-----------+
|  Runtime (RDTSC) [s] |    0.0002 |
| Runtime unhalted [s] |    0.0002 |
|      Clock [MHz]     | 3790.8479 |
|          CPI         |    1.2658 |
|      DP MFLOP/s      | 2900.3277 |
|    AVX DP MFLOP/s    | 1450.1168 |
|    Packed MUOPS/s    |  725.0584 |
|    Scalar MUOPS/s    |  725.1525 |
|  Vectorization ratio |   49.9968 |
+----------------------+-----------+

Region MAT_MAT, Group 1: FLOPS_DP
+-------------------+----------+
|    Region Info    |  Core 3  |
+-------------------+----------+
| RDTSC Runtime [s] | 0.034278 |
|     call count    |        1 |
+-------------------+----------+

+------------------------------------------+---------+-----------+
|                   Event                  | Counter |   Core 3  |
+------------------------------------------+---------+-----------+
|             INSTR_RETIRED_ANY            |  FIXC0  | 147720000 |
|           CPU_CLK_UNHALTED_CORE          |  FIXC1  | 122003000 |
|           CPU_CLK_UNHALTED_REF           |  FIXC2  | 110540800 |
| FP_ARITH_INST_RETIRED_128B_PACKED_DOUBLE |   PMC0  |         0 |
|    FP_ARITH_INST_RETIRED_SCALAR_DOUBLE   |   PMC1  |        17 |
| FP_ARITH_INST_RETIRED_256B_PACKED_DOUBLE |   PMC2  |  67108860 |
+------------------------------------------+---------+-----------+

+----------------------+-----------+
|        Metric        |   Core 3  |
+----------------------+-----------+
|  Runtime (RDTSC) [s] |    0.0343 |
| Runtime unhalted [s] |    0.0358 |
|      Clock [MHz]     | 3761.4012 |
|          CPI         |    0.8259 |
|      DP MFLOP/s      | 7831.1386 |
|    AVX DP MFLOP/s    | 7831.1381 |
|    Packed MUOPS/s    | 1957.7845 |
|    Scalar MUOPS/s    |    0.0005 |
|  Vectorization ratio |  100.0000 |
+----------------------+-----------+

