--------------------------------------------------------------------------------
CPU name:	Intel(R) Core(TM) i5-7500 CPU @ 3.40GHz
CPU type:	Intel Coffeelake processor
CPU clock:	3.41 GHz
--------------------------------------------------------------------------------
TAMANHO: 0
 mat_vet Tempo médio: 0.000211
TAMANHO: 0
 mat_mat Tempo médio: 0.000150
--------------------------------------------------------------------------------
Region MAT_VET, Group 1: FLOPS_DP
+-------------------+----------+
|    Region Info    |  Core 3  |
+-------------------+----------+
| RDTSC Runtime [s] | 0.000002 |
|     call count    |        1 |
+-------------------+----------+

+------------------------------------------+---------+--------+
|                   Event                  | Counter | Core 3 |
+------------------------------------------+---------+--------+
|             INSTR_RETIRED_ANY            |  FIXC0  |   5463 |
|           CPU_CLK_UNHALTED_CORE          |  FIXC1  |  16817 |
|           CPU_CLK_UNHALTED_REF           |  FIXC2  |  15052 |
| FP_ARITH_INST_RETIRED_128B_PACKED_DOUBLE |   PMC0  |      0 |
|    FP_ARITH_INST_RETIRED_SCALAR_DOUBLE   |   PMC1  |     17 |
| FP_ARITH_INST_RETIRED_256B_PACKED_DOUBLE |   PMC2  |      0 |
+------------------------------------------+---------+--------+

+----------------------+--------------+
|        Metric        |    Core 3    |
+----------------------+--------------+
|  Runtime (RDTSC) [s] | 1.801236e-06 |
| Runtime unhalted [s] | 4.934720e-06 |
|      Clock [MHz]     |    3807.5033 |
|          CPI         |       3.0783 |
|      DP MFLOP/s      |       9.4380 |
|    AVX DP MFLOP/s    |            0 |
|    Packed MUOPS/s    |            0 |
|    Scalar MUOPS/s    |       9.4380 |
|  Vectorization ratio |            0 |
+----------------------+--------------+

Region MAT_MAT, Group 1: FLOPS_DP
+-------------------+----------+
|    Region Info    |  Core 3  |
+-------------------+----------+
| RDTSC Runtime [s] | 0.000000 |
|     call count    |        1 |
+-------------------+----------+

+------------------------------------------+---------+--------+
|                   Event                  | Counter | Core 3 |
+------------------------------------------+---------+--------+
|             INSTR_RETIRED_ANY            |  FIXC0  |   3863 |
|           CPU_CLK_UNHALTED_CORE          |  FIXC1  |   9842 |
|           CPU_CLK_UNHALTED_REF           |  FIXC2  |   8946 |
| FP_ARITH_INST_RETIRED_128B_PACKED_DOUBLE |   PMC0  |      0 |
|    FP_ARITH_INST_RETIRED_SCALAR_DOUBLE   |   PMC1  |     17 |
| FP_ARITH_INST_RETIRED_256B_PACKED_DOUBLE |   PMC2  |      0 |
+------------------------------------------+---------+--------+

+----------------------+--------------+
|        Metric        |    Core 3    |
+----------------------+--------------+
|  Runtime (RDTSC) [s] | 3.568431e-07 |
| Runtime unhalted [s] | 2.888001e-06 |
|      Clock [MHz]     |    3749.2159 |
|          CPI         |       2.5478 |
|      DP MFLOP/s      |      47.6400 |
|    AVX DP MFLOP/s    |            0 |
|    Packed MUOPS/s    |            0 |
|    Scalar MUOPS/s    |      47.6400 |
|  Vectorization ratio |            0 |
+----------------------+--------------+

