--------------------------------------------------------------------------------
CPU name:	Intel(R) Core(TM) i5-7500 CPU @ 3.40GHz
CPU type:	Intel Coffeelake processor
CPU clock:	3.41 GHz
--------------------------------------------------------------------------------
TAMANHO: 4000
 mat_vet Tempo médio: 7.964618
TAMANHO: 4000
 mat_mat Tempo médio: 16113.865708
--------------------------------------------------------------------------------
Region MAT_VET, Group 1: FLOPS_DP
+-------------------+----------+
|    Region Info    |  Core 3  |
+-------------------+----------+
| RDTSC Runtime [s] | 0.007971 |
|     call count    |        1 |
+-------------------+----------+

+------------------------------------------+---------+----------+
|                   Event                  | Counter |  Core 3  |
+------------------------------------------+---------+----------+
|             INSTR_RETIRED_ANY            |  FIXC0  | 33014490 |
|           CPU_CLK_UNHALTED_CORE          |  FIXC1  | 29548980 |
|           CPU_CLK_UNHALTED_REF           |  FIXC2  | 26712050 |
| FP_ARITH_INST_RETIRED_128B_PACKED_DOUBLE |   PMC0  |  4000000 |
|    FP_ARITH_INST_RETIRED_SCALAR_DOUBLE   |   PMC1  |  8000017 |
| FP_ARITH_INST_RETIRED_256B_PACKED_DOUBLE |   PMC2  |  4000000 |
+------------------------------------------+---------+----------+

+----------------------+-----------+
|        Metric        |   Core 3  |
+----------------------+-----------+
|  Runtime (RDTSC) [s] |    0.0080 |
| Runtime unhalted [s] |    0.0087 |
|      Clock [MHz]     | 3769.8630 |
|          CPI         |    0.8950 |
|      DP MFLOP/s      | 4014.7851 |
|    AVX DP MFLOP/s    | 2007.3915 |
|    Packed MUOPS/s    | 1003.6957 |
|    Scalar MUOPS/s    | 1003.6979 |
|  Vectorization ratio |   49.9999 |
+----------------------+-----------+

Region MAT_MAT, Group 1: FLOPS_DP
+-------------------+-----------+
|    Region Info    |   Core 3  |
+-------------------+-----------+
| RDTSC Runtime [s] | 16.120590 |
|     call count    |         1 |
+-------------------+-----------+

+------------------------------------------+---------+-------------+
|                   Event                  | Counter |    Core 3   |
+------------------------------------------+---------+-------------+
|             INSTR_RETIRED_ANY            |  FIXC0  | 70382800000 |
|           CPU_CLK_UNHALTED_CORE          |  FIXC1  | 60121540000 |
|           CPU_CLK_UNHALTED_REF           |  FIXC2  | 54063870000 |
| FP_ARITH_INST_RETIRED_128B_PACKED_DOUBLE |   PMC0  |           0 |
|    FP_ARITH_INST_RETIRED_SCALAR_DOUBLE   |   PMC1  |          17 |
| FP_ARITH_INST_RETIRED_256B_PACKED_DOUBLE |   PMC2  | 32000000000 |
+------------------------------------------+---------+-------------+

+----------------------+--------------+
|        Metric        |    Core 3    |
+----------------------+--------------+
|  Runtime (RDTSC) [s] |      16.1206 |
| Runtime unhalted [s] |      17.6417 |
|      Clock [MHz]     |    3789.7735 |
|          CPI         |       0.8542 |
|      DP MFLOP/s      |    7940.1560 |
|    AVX DP MFLOP/s    |    7940.1560 |
|    Packed MUOPS/s    |    1985.0390 |
|    Scalar MUOPS/s    | 1.054552e-06 |
|  Vectorization ratio |     100.0000 |
+----------------------+--------------+

