--------------------------------------------------------------------------------
CPU name:	Intel(R) Core(TM) i5-7500 CPU @ 3.40GHz
CPU type:	Intel Coffeelake processor
CPU clock:	3.41 GHz
--------------------------------------------------------------------------------
TAMANHO: 0
 mat_vet Tempo médio: 0.000210
TAMANHO: 0
 mat_mat Tempo médio: 0.000114
--------------------------------------------------------------------------------
Region MAT_VET, Group 1: L2CACHE
+-------------------+----------+
|    Region Info    |  Core 3  |
+-------------------+----------+
| RDTSC Runtime [s] | 0.000002 |
|     call count    |        1 |
+-------------------+----------+

+-----------------------+---------+--------+
|         Event         | Counter | Core 3 |
+-----------------------+---------+--------+
|   INSTR_RETIRED_ANY   |  FIXC0  |   5373 |
| CPU_CLK_UNHALTED_CORE |  FIXC1  |  16520 |
|  CPU_CLK_UNHALTED_REF |  FIXC2  |  15052 |
| L2_TRANS_ALL_REQUESTS |   PMC0  |   2620 |
|     L2_RQSTS_MISS     |   PMC1  |    841 |
+-----------------------+---------+--------+

+----------------------+--------------+
|        Metric        |    Core 3    |
+----------------------+--------------+
|  Runtime (RDTSC) [s] | 1.723578e-06 |
| Runtime unhalted [s] | 4.847384e-06 |
|      Clock [MHz]     |    3740.4032 |
|          CPI         |       3.0746 |
|    L2 request rate   |       0.4876 |
|     L2 miss rate     |       0.1565 |
|     L2 miss ratio    |       0.3210 |
+----------------------+--------------+

Region MAT_MAT, Group 1: L2CACHE
+-------------------+----------+
|    Region Info    |  Core 3  |
+-------------------+----------+
| RDTSC Runtime [s] | 0.000000 |
|     call count    |        1 |
+-------------------+----------+

+-----------------------+---------+--------+
|         Event         | Counter | Core 3 |
+-----------------------+---------+--------+
|   INSTR_RETIRED_ANY   |  FIXC0  |   3755 |
| CPU_CLK_UNHALTED_CORE |  FIXC1  |   9840 |
|  CPU_CLK_UNHALTED_REF |  FIXC2  |   8946 |
| L2_TRANS_ALL_REQUESTS |   PMC0  |   1470 |
|     L2_RQSTS_MISS     |   PMC1  |    420 |
+-----------------------+---------+--------+

+----------------------+--------------+
|        Metric        |    Core 3    |
+----------------------+--------------+
|  Runtime (RDTSC) [s] | 3.157252e-07 |
| Runtime unhalted [s] | 2.887304e-06 |
|      Clock [MHz]     |    3748.5973 |
|          CPI         |       2.6205 |
|    L2 request rate   |       0.3915 |
|     L2 miss rate     |       0.1119 |
|     L2 miss ratio    |       0.2857 |
+----------------------+--------------+

