--------------------------------------------------------------------------------
CPU name:	Intel(R) Core(TM) i5-7500 CPU @ 3.40GHz
CPU type:	Intel Coffeelake processor
CPU clock:	3.41 GHz
--------------------------------------------------------------------------------
TAMANHO: 900
 mat_vet Tempo médio: 0.416391
TAMANHO: 900
 mat_mat Tempo médio: 1042.636865
--------------------------------------------------------------------------------
Region MAT_VET, Group 1: L2CACHE
+-------------------+----------+
|    Region Info    |  Core 3  |
+-------------------+----------+
| RDTSC Runtime [s] | 0.000418 |
|     call count    |        1 |
+-------------------+----------+

+-----------------------+---------+---------+
|         Event         | Counter |  Core 3 |
+-----------------------+---------+---------+
|   INSTR_RETIRED_ANY   |  FIXC0  | 1701032 |
| CPU_CLK_UNHALTED_CORE |  FIXC1  | 1588901 |
|  CPU_CLK_UNHALTED_REF |  FIXC2  | 1428520 |
| L2_TRANS_ALL_REQUESTS |   PMC0  |  496201 |
|     L2_RQSTS_MISS     |   PMC1  |  153621 |
+-----------------------+---------+---------+

+----------------------+-----------+
|        Metric        |   Core 3  |
+----------------------+-----------+
|  Runtime (RDTSC) [s] |    0.0004 |
| Runtime unhalted [s] |    0.0005 |
|      Clock [MHz]     | 3790.6181 |
|          CPI         |    0.9341 |
|    L2 request rate   |    0.2917 |
|     L2 miss rate     |    0.0903 |
|     L2 miss ratio    |    0.3096 |
+----------------------+-----------+

Region MAT_MAT, Group 1: L2CACHE
+-------------------+----------+
|    Region Info    |  Core 3  |
+-------------------+----------+
| RDTSC Runtime [s] | 1.042828 |
|     call count    |        1 |
+-------------------+----------+

+-----------------------+---------+------------+
|         Event         | Counter |   Core 3   |
+-----------------------+---------+------------+
|   INSTR_RETIRED_ANY   |  FIXC0  | 5171859000 |
| CPU_CLK_UNHALTED_CORE |  FIXC1  | 3902058000 |
|  CPU_CLK_UNHALTED_REF |  FIXC2  | 3508615000 |
| L2_TRANS_ALL_REQUESTS |   PMC0  | 1120593000 |
|     L2_RQSTS_MISS     |   PMC1  |  133469800 |
+-----------------------+---------+------------+

+----------------------+-----------+
|        Metric        |   Core 3  |
+----------------------+-----------+
|  Runtime (RDTSC) [s] |    1.0428 |
| Runtime unhalted [s] |    1.1450 |
|      Clock [MHz]     | 3790.1598 |
|          CPI         |    0.7545 |
|    L2 request rate   |    0.2167 |
|     L2 miss rate     |    0.0258 |
|     L2 miss ratio    |    0.1191 |
+----------------------+-----------+

