--------------------------------------------------------------------------------
CPU name:	Intel(R) Core(TM) i5-7500 CPU @ 3.40GHz
CPU type:	Intel Coffeelake processor
CPU clock:	3.41 GHz
--------------------------------------------------------------------------------
TAMANHO: 2048
 mat_vet Tempo médio: 2.607779
TAMANHO: 2048
 mat_mat Tempo médio: 5724.866240
--------------------------------------------------------------------------------
Region MAT_VET, Group 1: L2CACHE
+-------------------+----------+
|    Region Info    |  Core 3  |
+-------------------+----------+
| RDTSC Runtime [s] | 0.002610 |
|     call count    |        1 |
+-------------------+----------+

+-----------------------+---------+---------+
|         Event         | Counter |  Core 3 |
+-----------------------+---------+---------+
|   INSTR_RETIRED_ANY   |  FIXC0  | 8660759 |
| CPU_CLK_UNHALTED_CORE |  FIXC1  | 9702079 |
|  CPU_CLK_UNHALTED_REF |  FIXC2  | 8726610 |
| L2_TRANS_ALL_REQUESTS |   PMC0  | 2518329 |
|     L2_RQSTS_MISS     |   PMC1  |  774881 |
+-----------------------+---------+---------+

+----------------------+-----------+
|        Metric        |   Core 3  |
+----------------------+-----------+
|  Runtime (RDTSC) [s] |    0.0026 |
| Runtime unhalted [s] |    0.0028 |
|      Clock [MHz]     | 3788.8484 |
|          CPI         |    1.1202 |
|    L2 request rate   |    0.2908 |
|     L2 miss rate     |    0.0895 |
|     L2 miss ratio    |    0.3077 |
+----------------------+-----------+

Region MAT_MAT, Group 1: L2CACHE
+-------------------+----------+
|    Region Info    |  Core 3  |
+-------------------+----------+
| RDTSC Runtime [s] | 5.724911 |
|     call count    |        1 |
+-------------------+----------+

+-----------------------+---------+-------------+
|         Event         | Counter |    Core 3   |
+-----------------------+---------+-------------+
|   INSTR_RETIRED_ANY   |  FIXC0  |  9447623000 |
| CPU_CLK_UNHALTED_CORE |  FIXC1  | 21441100000 |
|  CPU_CLK_UNHALTED_REF |  FIXC2  | 19282510000 |
| L2_TRANS_ALL_REQUESTS |   PMC0  |  4805806000 |
|     L2_RQSTS_MISS     |   PMC1  |  1416517000 |
+-----------------------+---------+-------------+

+----------------------+-----------+
|        Metric        |   Core 3  |
+----------------------+-----------+
|  Runtime (RDTSC) [s] |    5.7249 |
| Runtime unhalted [s] |    6.2916 |
|      Clock [MHz]     | 3789.4090 |
|          CPI         |    2.2695 |
|    L2 request rate   |    0.5087 |
|     L2 miss rate     |    0.1499 |
|     L2 miss ratio    |    0.2948 |
+----------------------+-----------+

