--------------------------------------------------------------------------------
CPU name:	Intel(R) Core(TM) i5-7500 CPU @ 3.40GHz
CPU type:	Intel Coffeelake processor
CPU clock:	3.41 GHz
--------------------------------------------------------------------------------
TAMANHO: 512
 mat_vet Tempo médio: 0.182153
TAMANHO: 512
 mat_mat Tempo médio: 33.840371
--------------------------------------------------------------------------------
Region MAT_VET, Group 1: L2CACHE
+-------------------+----------+
|    Region Info    |  Core 3  |
+-------------------+----------+
| RDTSC Runtime [s] | 0.000184 |
|     call count    |        1 |
+-------------------+----------+

+-----------------------+---------+--------+
|         Event         | Counter | Core 3 |
+-----------------------+---------+--------+
|   INSTR_RETIRED_ANY   |  FIXC0  | 547219 |
| CPU_CLK_UNHALTED_CORE |  FIXC1  | 704348 |
|  CPU_CLK_UNHALTED_REF |  FIXC2  | 632752 |
| L2_TRANS_ALL_REQUESTS |   PMC0  | 165691 |
|     L2_RQSTS_MISS     |   PMC1  |  50030 |
+-----------------------+---------+--------+

+----------------------+-----------+
|        Metric        |   Core 3  |
+----------------------+-----------+
|  Runtime (RDTSC) [s] |    0.0002 |
| Runtime unhalted [s] |    0.0002 |
|      Clock [MHz]     | 3793.6213 |
|          CPI         |    1.2871 |
|    L2 request rate   |    0.3028 |
|     L2 miss rate     |    0.0914 |
|     L2 miss ratio    |    0.3019 |
+----------------------+-----------+

Region MAT_MAT, Group 1: L2CACHE
+-------------------+----------+
|    Region Info    |  Core 3  |
+-------------------+----------+
| RDTSC Runtime [s] | 0.033841 |
|     call count    |        1 |
+-------------------+----------+

+-----------------------+---------+-----------+
|         Event         | Counter |   Core 3  |
+-----------------------+---------+-----------+
|   INSTR_RETIRED_ANY   |  FIXC0  | 147719900 |
| CPU_CLK_UNHALTED_CORE |  FIXC1  | 121865800 |
|  CPU_CLK_UNHALTED_REF |  FIXC2  | 109561700 |
| L2_TRANS_ALL_REQUESTS |   PMC0  |  78925500 |
|     L2_RQSTS_MISS     |   PMC1  |  27110080 |
+-----------------------+---------+-----------+

+----------------------+-----------+
|        Metric        |   Core 3  |
+----------------------+-----------+
|  Runtime (RDTSC) [s] |    0.0338 |
| Runtime unhalted [s] |    0.0358 |
|      Clock [MHz]     | 3790.7339 |
|          CPI         |    0.8250 |
|    L2 request rate   |    0.5343 |
|     L2 miss rate     |    0.1835 |
|     L2 miss ratio    |    0.3435 |
+----------------------+-----------+

