--------------------------------------------------------------------------------
CPU name:	Intel(R) Core(TM) i5-7500 CPU @ 3.40GHz
CPU type:	Intel Coffeelake processor
CPU clock:	3.41 GHz
--------------------------------------------------------------------------------
TAMANHO: 4000
 mat_vet Tempo médio: 7.984091
TAMANHO: 4000
 mat_mat Tempo médio: 16098.844932
--------------------------------------------------------------------------------
Region MAT_VET, Group 1: L2CACHE
+-------------------+----------+
|    Region Info    |  Core 3  |
+-------------------+----------+
| RDTSC Runtime [s] | 0.007987 |
|     call count    |        1 |
+-------------------+----------+

+-----------------------+---------+----------+
|         Event         | Counter |  Core 3  |
+-----------------------+---------+----------+
|   INSTR_RETIRED_ANY   |  FIXC0  | 33014400 |
| CPU_CLK_UNHALTED_CORE |  FIXC1  | 29460550 |
|  CPU_CLK_UNHALTED_REF |  FIXC2  | 26645450 |
| L2_TRANS_ALL_REQUESTS |   PMC0  | 10018350 |
|     L2_RQSTS_MISS     |   PMC1  |  3390193 |
+-----------------------+---------+----------+

+----------------------+-----------+
|        Metric        |   Core 3  |
+----------------------+-----------+
|  Runtime (RDTSC) [s] |    0.0080 |
| Runtime unhalted [s] |    0.0086 |
|      Clock [MHz]     | 3768.0876 |
|          CPI         |    0.8924 |
|    L2 request rate   |    0.3035 |
|     L2 miss rate     |    0.1027 |
|     L2 miss ratio    |    0.3384 |
+----------------------+-----------+

Region MAT_MAT, Group 1: L2CACHE
+-------------------+-----------+
|    Region Info    |   Core 3  |
+-------------------+-----------+
| RDTSC Runtime [s] | 16.098970 |
|     call count    |         1 |
+-------------------+-----------+

+-----------------------+---------+-------------+
|         Event         | Counter |    Core 3   |
+-----------------------+---------+-------------+
|   INSTR_RETIRED_ANY   |  FIXC0  | 70382800000 |
| CPU_CLK_UNHALTED_CORE |  FIXC1  | 60227400000 |
|  CPU_CLK_UNHALTED_REF |  FIXC2  | 54162340000 |
| L2_TRANS_ALL_REQUESTS |   PMC0  | 11736420000 |
|     L2_RQSTS_MISS     |   PMC1  |  4731070000 |
+-----------------------+---------+-------------+

+----------------------+-----------+
|        Metric        |   Core 3  |
+----------------------+-----------+
|  Runtime (RDTSC) [s] |   16.0990 |
| Runtime unhalted [s] |   17.6722 |
|      Clock [MHz]     | 3789.6570 |
|          CPI         |    0.8557 |
|    L2 request rate   |    0.1668 |
|     L2 miss rate     |    0.0672 |
|     L2 miss ratio    |    0.4031 |
+----------------------+-----------+

