--------------------------------------------------------------------------------
CPU name:	Intel(R) Core(TM) i5-7500 CPU @ 3.40GHz
CPU type:	Intel Coffeelake processor
CPU clock:	3.41 GHz
--------------------------------------------------------------------------------
TAMANHO: 100
 mat_vet Tempo médio: 0.009682
TAMANHO: 100
 mat_mat Tempo médio: 0.923951
--------------------------------------------------------------------------------
Region MAT_VET, Group 1: L2CACHE
+-------------------+----------+
|    Region Info    |  Core 3  |
+-------------------+----------+
| RDTSC Runtime [s] | 0.000011 |
|     call count    |        1 |
+-------------------+----------+

+-----------------------+---------+--------+
|         Event         | Counter | Core 3 |
+-----------------------+---------+--------+
|   INSTR_RETIRED_ANY   |  FIXC0  |  28830 |
| CPU_CLK_UNHALTED_CORE |  FIXC1  |  52969 |
|  CPU_CLK_UNHALTED_REF |  FIXC2  |  48706 |
| L2_TRANS_ALL_REQUESTS |   PMC0  |   9515 |
|     L2_RQSTS_MISS     |   PMC1  |   2741 |
+-----------------------+---------+--------+

+----------------------+--------------+
|        Metric        |    Core 3    |
+----------------------+--------------+
|  Runtime (RDTSC) [s] | 1.130097e-05 |
| Runtime unhalted [s] | 1.554242e-05 |
|      Clock [MHz]     |    3706.3168 |
|          CPI         |       1.8373 |
|    L2 request rate   |       0.3300 |
|     L2 miss rate     |       0.0951 |
|     L2 miss ratio    |       0.2881 |
+----------------------+--------------+

Region MAT_MAT, Group 1: L2CACHE
+-------------------+----------+
|    Region Info    |  Core 3  |
+-------------------+----------+
| RDTSC Runtime [s] | 0.000924 |
|     call count    |        1 |
+-------------------+----------+

+-----------------------+---------+---------+
|         Event         | Counter |  Core 3 |
+-----------------------+---------+---------+
|   INSTR_RETIRED_ANY   |  FIXC0  | 7062126 |
| CPU_CLK_UNHALTED_CORE |  FIXC1  | 3454845 |
|  CPU_CLK_UNHALTED_REF |  FIXC2  | 3105682 |
| L2_TRANS_ALL_REQUESTS |   PMC0  |  230987 |
|     L2_RQSTS_MISS     |   PMC1  |    7917 |
+-----------------------+---------+---------+

+----------------------+-----------+
|        Metric        |   Core 3  |
+----------------------+-----------+
|  Runtime (RDTSC) [s] |    0.0009 |
| Runtime unhalted [s] |    0.0010 |
|      Clock [MHz]     | 3791.1835 |
|          CPI         |    0.4892 |
|    L2 request rate   |    0.0327 |
|     L2 miss rate     |    0.0011 |
|     L2 miss ratio    |    0.0343 |
+----------------------+-----------+

