--------------------------------------------------------------------------------
CPU name:	Intel(R) Core(TM) i5-7500 CPU @ 3.40GHz
CPU type:	Intel Coffeelake processor
CPU clock:	3.41 GHz
--------------------------------------------------------------------------------
TAMANHO: 600
 mat_vet Tempo médio: 0.223051
TAMANHO: 600
 mat_mat Tempo médio: 30.911085
--------------------------------------------------------------------------------
Region MAT_VET, Group 1: L2CACHE
+-------------------+----------+
|    Region Info    |  Core 3  |
+-------------------+----------+
| RDTSC Runtime [s] | 0.000225 |
|     call count    |        1 |
+-------------------+----------+

+-----------------------+---------+--------+
|         Event         | Counter | Core 3 |
+-----------------------+---------+--------+
|   INSTR_RETIRED_ANY   |  FIXC0  | 749252 |
| CPU_CLK_UNHALTED_CORE |  FIXC1  | 855182 |
|  CPU_CLK_UNHALTED_REF |  FIXC2  | 768788 |
| L2_TRANS_ALL_REQUESTS |   PMC0  | 227713 |
|     L2_RQSTS_MISS     |   PMC1  |  65755 |
+-----------------------+---------+--------+

+----------------------+-----------+
|        Metric        |   Core 3  |
+----------------------+-----------+
|  Runtime (RDTSC) [s] |    0.0002 |
| Runtime unhalted [s] |    0.0003 |
|      Clock [MHz]     | 3790.9232 |
|          CPI         |    1.1414 |
|    L2 request rate   |    0.3039 |
|     L2 miss rate     |    0.0878 |
|     L2 miss ratio    |    0.2888 |
+----------------------+-----------+

Region MAT_MAT, Group 1: L2CACHE
+-------------------+----------+
|    Region Info    |  Core 3  |
+-------------------+----------+
| RDTSC Runtime [s] | 0.030912 |
|     call count    |        1 |
+-------------------+----------+

+-----------------------+---------+-----------+
|         Event         | Counter |   Core 3  |
+-----------------------+---------+-----------+
|   INSTR_RETIRED_ANY   |  FIXC0  | 237696400 |
| CPU_CLK_UNHALTED_CORE |  FIXC1  | 107874400 |
|  CPU_CLK_UNHALTED_REF |  FIXC2  |  97817690 |
| L2_TRANS_ALL_REQUESTS |   PMC0  |  19223440 |
|     L2_RQSTS_MISS     |   PMC1  |   4665517 |
+-----------------------+---------+-----------+

+----------------------+-----------+
|        Metric        |   Core 3  |
+----------------------+-----------+
|  Runtime (RDTSC) [s] |    0.0309 |
| Runtime unhalted [s] |    0.0317 |
|      Clock [MHz]     | 3758.3223 |
|          CPI         |    0.4538 |
|    L2 request rate   |    0.0809 |
|     L2 miss rate     |    0.0196 |
|     L2 miss ratio    |    0.2427 |
+----------------------+-----------+

