--------------------------------------------------------------------------------
CPU name:	Intel(R) Core(TM) i5-7500 CPU @ 3.40GHz
CPU type:	Intel Coffeelake processor
CPU clock:	3.41 GHz
--------------------------------------------------------------------------------
TAMANHO: 1024
 mat_vet Tempo médio: 0.625005
TAMANHO: 1024
 mat_mat Tempo médio: 464.821714
--------------------------------------------------------------------------------
Region MAT_VET, Group 1: L2CACHE
+-------------------+----------+
|    Region Info    |  Core 3  |
+-------------------+----------+
| RDTSC Runtime [s] | 0.000627 |
|     call count    |        1 |
+-------------------+----------+

+-----------------------+---------+---------+
|         Event         | Counter |  Core 3 |
+-----------------------+---------+---------+
|   INSTR_RETIRED_ANY   |  FIXC0  | 2170388 |
| CPU_CLK_UNHALTED_CORE |  FIXC1  | 2317397 |
|  CPU_CLK_UNHALTED_REF |  FIXC2  | 2139656 |
| L2_TRANS_ALL_REQUESTS |   PMC0  |  636191 |
|     L2_RQSTS_MISS     |   PMC1  |  195753 |
+-----------------------+---------+---------+

+----------------------+-----------+
|        Metric        |   Core 3  |
+----------------------+-----------+
|  Runtime (RDTSC) [s] |    0.0006 |
| Runtime unhalted [s] |    0.0007 |
|      Clock [MHz]     | 3691.1366 |
|          CPI         |    1.0677 |
|    L2 request rate   |    0.2931 |
|     L2 miss rate     |    0.0902 |
|     L2 miss ratio    |    0.3077 |
+----------------------+-----------+

Region MAT_MAT, Group 1: L2CACHE
+-------------------+----------+
|    Region Info    |  Core 3  |
+-------------------+----------+
| RDTSC Runtime [s] | 0.464826 |
|     call count    |        1 |
+-------------------+----------+

+-----------------------+---------+------------+
|         Event         | Counter |   Core 3   |
+-----------------------+---------+------------+
|   INSTR_RETIRED_ANY   |  FIXC0  | 1181213000 |
| CPU_CLK_UNHALTED_CORE |  FIXC1  | 1734271000 |
|  CPU_CLK_UNHALTED_REF |  FIXC2  | 1559378000 |
| L2_TRANS_ALL_REQUESTS |   PMC0  |  623097200 |
|     L2_RQSTS_MISS     |   PMC1  |  196298100 |
+-----------------------+---------+------------+

+----------------------+-----------+
|        Metric        |   Core 3  |
+----------------------+-----------+
|  Runtime (RDTSC) [s] |    0.4648 |
| Runtime unhalted [s] |    0.5089 |
|      Clock [MHz]     | 3790.2617 |
|          CPI         |    1.4682 |
|    L2 request rate   |    0.5275 |
|     L2 miss rate     |    0.1662 |
|     L2 miss ratio    |    0.3150 |
+----------------------+-----------+

