--------------------------------------------------------------------------------
CPU name:	Intel(R) Core(TM) i5-7500 CPU @ 3.40GHz
CPU type:	Intel Coffeelake processor
CPU clock:	3.41 GHz
--------------------------------------------------------------------------------
TAMANHO: 3000
 mat_vet Tempo médio: 4.557975
TAMANHO: 3000
 mat_mat Tempo médio: 6411.344547
--------------------------------------------------------------------------------
Region MAT_VET, Group 1: L2CACHE
+-------------------+----------+
|    Region Info    |  Core 3  |
+-------------------+----------+
| RDTSC Runtime [s] | 0.004561 |
|     call count    |        1 |
+-------------------+----------+

+-----------------------+---------+----------+
|         Event         | Counter |  Core 3  |
+-----------------------+---------+----------+
|   INSTR_RETIRED_ANY   |  FIXC0  | 18574650 |
| CPU_CLK_UNHALTED_CORE |  FIXC1  | 17072910 |
|  CPU_CLK_UNHALTED_REF |  FIXC2  | 15354460 |
| L2_TRANS_ALL_REQUESTS |   PMC0  |  5523968 |
|     L2_RQSTS_MISS     |   PMC1  |  1800224 |
+-----------------------+---------+----------+

+----------------------+-----------+
|        Metric        |   Core 3  |
+----------------------+-----------+
|  Runtime (RDTSC) [s] |    0.0046 |
| Runtime unhalted [s] |    0.0050 |
|      Clock [MHz]     | 3789.4448 |
|          CPI         |    0.9192 |
|    L2 request rate   |    0.2974 |
|     L2 miss rate     |    0.0969 |
|     L2 miss ratio    |    0.3259 |
+----------------------+-----------+

Region MAT_MAT, Group 1: L2CACHE
+-------------------+----------+
|    Region Info    |  Core 3  |
+-------------------+----------+
| RDTSC Runtime [s] | 6.412062 |
|     call count    |        1 |
+-------------------+----------+

+-----------------------+---------+-------------+
|         Event         | Counter |    Core 3   |
+-----------------------+---------+-------------+
|   INSTR_RETIRED_ANY   |  FIXC0  | 29693840000 |
| CPU_CLK_UNHALTED_CORE |  FIXC1  | 23870670000 |
|  CPU_CLK_UNHALTED_REF |  FIXC2  | 21470880000 |
| L2_TRANS_ALL_REQUESTS |   PMC0  |  5372903000 |
|     L2_RQSTS_MISS     |   PMC1  |  2212472000 |
+-----------------------+---------+-------------+

+----------------------+-----------+
|        Metric        |   Core 3  |
+----------------------+-----------+
|  Runtime (RDTSC) [s] |    6.4121 |
| Runtime unhalted [s] |    7.0043 |
|      Clock [MHz]     | 3788.9366 |
|          CPI         |    0.8039 |
|    L2 request rate   |    0.1809 |
|     L2 miss rate     |    0.0745 |
|     L2 miss ratio    |    0.4118 |
+----------------------+-----------+

