--------------------------------------------------------------------------------
CPU name:	Intel(R) Core(TM) i5-7500 CPU @ 3.40GHz
CPU type:	Intel Coffeelake processor
CPU clock:	3.41 GHz
--------------------------------------------------------------------------------
TAMANHO: 2000
 mat_vet Tempo médio: 2.031377
TAMANHO: 2000
 mat_mat Tempo médio: 2086.852324
--------------------------------------------------------------------------------
Region MAT_VET, Group 1: L2CACHE
+-------------------+----------+
|    Region Info    |  Core 3  |
+-------------------+----------+
| RDTSC Runtime [s] | 0.002034 |
|     call count    |        1 |
+-------------------+----------+

+-----------------------+---------+---------+
|         Event         | Counter |  Core 3 |
+-----------------------+---------+---------+
|   INSTR_RETIRED_ANY   |  FIXC0  | 8259898 |
| CPU_CLK_UNHALTED_CORE |  FIXC1  | 7458433 |
|  CPU_CLK_UNHALTED_REF |  FIXC2  | 6844258 |
| L2_TRANS_ALL_REQUESTS |   PMC0  | 2397145 |
|     L2_RQSTS_MISS     |   PMC1  |  768753 |
+-----------------------+---------+---------+

+----------------------+-----------+
|        Metric        |   Core 3  |
+----------------------+-----------+
|  Runtime (RDTSC) [s] |    0.0020 |
| Runtime unhalted [s] |    0.0022 |
|      Clock [MHz]     | 3713.8496 |
|          CPI         |    0.9030 |
|    L2 request rate   |    0.2902 |
|     L2 miss rate     |    0.0931 |
|     L2 miss ratio    |    0.3207 |
+----------------------+-----------+

Region MAT_MAT, Group 1: L2CACHE
+-------------------+----------+
|    Region Info    |  Core 3  |
+-------------------+----------+
| RDTSC Runtime [s] | 2.086867 |
|     call count    |        1 |
+-------------------+----------+

+-----------------------+---------+------------+
|         Event         | Counter |   Core 3   |
+-----------------------+---------+------------+
|   INSTR_RETIRED_ANY   |  FIXC0  | 8798830000 |
| CPU_CLK_UNHALTED_CORE |  FIXC1  | 7763827000 |
|  CPU_CLK_UNHALTED_REF |  FIXC2  | 6982585000 |
| L2_TRANS_ALL_REQUESTS |   PMC0  | 1402731000 |
|     L2_RQSTS_MISS     |   PMC1  |  576052800 |
+-----------------------+---------+------------+

+----------------------+-----------+
|        Metric        |   Core 3  |
+----------------------+-----------+
|  Runtime (RDTSC) [s] |    2.0869 |
| Runtime unhalted [s] |    2.2781 |
|      Clock [MHz]     | 3789.3325 |
|          CPI         |    0.8824 |
|    L2 request rate   |    0.1594 |
|     L2 miss rate     |    0.0655 |
|     L2 miss ratio    |    0.4107 |
+----------------------+-----------+

