--------------------------------------------------------------------------------
CPU name:	Intel(R) Core(TM) i5-7500 CPU @ 3.40GHz
CPU type:	Intel Coffeelake processor
CPU clock:	3.41 GHz
--------------------------------------------------------------------------------
TAMANHO: 0
 mat_vet Tempo médio: 0.000215
TAMANHO: 0
 mat_mat Tempo médio: 0.000125
--------------------------------------------------------------------------------
Region MAT_VET, Group 1: L3
+-------------------+----------+
|    Region Info    |  Core 3  |
+-------------------+----------+
| RDTSC Runtime [s] | 0.000002 |
|     call count    |        1 |
+-------------------+----------+

+-----------------------+---------+--------+
|         Event         | Counter | Core 3 |
+-----------------------+---------+--------+
|   INSTR_RETIRED_ANY   |  FIXC0  |   5377 |
| CPU_CLK_UNHALTED_CORE |  FIXC1  |  16613 |
|  CPU_CLK_UNHALTED_REF |  FIXC2  |  14626 |
|    L2_LINES_IN_ALL    |   PMC0  |    824 |
|     L2_TRANS_L2_WB    |   PMC1  |     91 |
+-----------------------+---------+--------+

+-------------------------------+--------------+
|             Metric            |    Core 3    |
+-------------------------------+--------------+
|      Runtime (RDTSC) [s]      | 1.563377e-06 |
|      Runtime unhalted [s]     | 4.874904e-06 |
|          Clock [MHz]          |    3870.8335 |
|              CPI              |       3.0896 |
|  L3 load bandwidth [MBytes/s] |   33732.1068 |
|  L3 load data volume [GBytes] |       0.0001 |
| L3 evict bandwidth [MBytes/s] |    3725.2691 |
| L3 evict data volume [GBytes] | 5.824000e-06 |
|    L3 bandwidth [MBytes/s]    |   37457.3759 |
|    L3 data volume [GBytes]    |       0.0001 |
+-------------------------------+--------------+

Region MAT_MAT, Group 1: L3
+-------------------+----------+
|    Region Info    |  Core 3  |
+-------------------+----------+
| RDTSC Runtime [s] | 0.000000 |
|     call count    |        1 |
+-------------------+----------+

+-----------------------+---------+--------+
|         Event         | Counter | Core 3 |
+-----------------------+---------+--------+
|   INSTR_RETIRED_ANY   |  FIXC0  |   3773 |
| CPU_CLK_UNHALTED_CORE |  FIXC1  |   9797 |
|  CPU_CLK_UNHALTED_REF |  FIXC2  |   8804 |
|    L2_LINES_IN_ALL    |   PMC0  |    395 |
|     L2_TRANS_L2_WB    |   PMC1  |     43 |
+-----------------------+---------+--------+

+-------------------------------+--------------+
|             Metric            |    Core 3    |
+-------------------------------+--------------+
|      Runtime (RDTSC) [s]      | 2.828633e-07 |
|      Runtime unhalted [s]     | 2.874823e-06 |
|          Clock [MHz]          |    3792.2335 |
|              CPI              |       2.5966 |
|  L3 load bandwidth [MBytes/s] |   89371.7920 |
|  L3 load data volume [GBytes] | 2.528000e-05 |
| L3 evict bandwidth [MBytes/s] |    9729.0811 |
| L3 evict data volume [GBytes] | 2.752000e-06 |
|    L3 bandwidth [MBytes/s]    |   99100.8731 |
|    L3 data volume [GBytes]    | 2.803200e-05 |
+-------------------------------+--------------+

