--------------------------------------------------------------------------------
CPU name:	Intel(R) Core(TM) i5-7500 CPU @ 3.40GHz
CPU type:	Intel Coffeelake processor
CPU clock:	3.41 GHz
--------------------------------------------------------------------------------
TAMANHO: 200
 mat_vet Tempo médio: 0.040236
TAMANHO: 200
 mat_mat Tempo médio: 1.371142
--------------------------------------------------------------------------------
Region MAT_VET, Group 1: L3
+-------------------+----------+
|    Region Info    |  Core 3  |
+-------------------+----------+
| RDTSC Runtime [s] | 0.000042 |
|     call count    |        1 |
+-------------------+----------+

+-----------------------+---------+--------+
|         Event         | Counter | Core 3 |
+-----------------------+---------+--------+
|   INSTR_RETIRED_ANY   |  FIXC0  |  88345 |
| CPU_CLK_UNHALTED_CORE |  FIXC1  | 167868 |
|  CPU_CLK_UNHALTED_REF |  FIXC2  | 151088 |
|    L2_LINES_IN_ALL    |   PMC0  |   6488 |
|     L2_TRANS_L2_WB    |   PMC1  |   2610 |
+-----------------------+---------+--------+

+-------------------------------+--------------+
|             Metric            |    Core 3    |
+-------------------------------+--------------+
|      Runtime (RDTSC) [s]      | 4.213056e-05 |
|      Runtime unhalted [s]     | 4.925658e-05 |
|          Clock [MHz]          |    3786.5317 |
|              CPI              |       1.9001 |
|  L3 load bandwidth [MBytes/s] |    9855.8386 |
|  L3 load data volume [GBytes] |       0.0004 |
| L3 evict bandwidth [MBytes/s] |    3964.8179 |
| L3 evict data volume [GBytes] |       0.0002 |
|    L3 bandwidth [MBytes/s]    |   13820.6565 |
|    L3 data volume [GBytes]    |       0.0006 |
+-------------------------------+--------------+

Region MAT_MAT, Group 1: L3
+-------------------+----------+
|    Region Info    |  Core 3  |
+-------------------+----------+
| RDTSC Runtime [s] | 0.001371 |
|     call count    |        1 |
+-------------------+----------+

+-----------------------+---------+---------+
|         Event         | Counter |  Core 3 |
+-----------------------+---------+---------+
|   INSTR_RETIRED_ANY   |  FIXC0  | 8820624 |
| CPU_CLK_UNHALTED_CORE |  FIXC1  | 4169919 |
|  CPU_CLK_UNHALTED_REF |  FIXC2  | 3772372 |
|    L2_LINES_IN_ALL    |   PMC0  |  117303 |
|     L2_TRANS_L2_WB    |   PMC1  |    9438 |
+-----------------------+---------+---------+

+-------------------------------+-----------+
|             Metric            |   Core 3  |
+-------------------------------+-----------+
|      Runtime (RDTSC) [s]      |    0.0014 |
|      Runtime unhalted [s]     |    0.0012 |
|          Clock [MHz]          | 3767.1833 |
|              CPI              |    0.4727 |
|  L3 load bandwidth [MBytes/s] | 5474.3578 |
|  L3 load data volume [GBytes] |    0.0075 |
| L3 evict bandwidth [MBytes/s] |  440.4575 |
| L3 evict data volume [GBytes] |    0.0006 |
|    L3 bandwidth [MBytes/s]    | 5914.8154 |
|    L3 data volume [GBytes]    |    0.0081 |
+-------------------------------+-----------+

