--------------------------------------------------------------------------------
CPU name:	Intel(R) Core(TM) i5-7500 CPU @ 3.40GHz
CPU type:	Intel Coffeelake processor
CPU clock:	3.41 GHz
--------------------------------------------------------------------------------
TAMANHO: 512
 mat_vet Tempo médio: 0.180011
TAMANHO: 512
 mat_mat Tempo médio: 33.735464
--------------------------------------------------------------------------------
Region MAT_VET, Group 1: L3
+-------------------+----------+
|    Region Info    |  Core 3  |
+-------------------+----------+
| RDTSC Runtime [s] | 0.000182 |
|     call count    |        1 |
+-------------------+----------+

+-----------------------+---------+--------+
|         Event         | Counter | Core 3 |
+-----------------------+---------+--------+
|   INSTR_RETIRED_ANY   |  FIXC0  | 547219 |
| CPU_CLK_UNHALTED_CORE |  FIXC1  | 696519 |
|  CPU_CLK_UNHALTED_REF |  FIXC2  | 626362 |
|    L2_LINES_IN_ALL    |   PMC0  |  34927 |
|     L2_TRANS_L2_WB    |   PMC1  |  27756 |
+-----------------------+---------+--------+

+-------------------------------+------------+
|             Metric            |   Core 3   |
+-------------------------------+------------+
|      Runtime (RDTSC) [s]      |     0.0002 |
|      Runtime unhalted [s]     |     0.0002 |
|          Clock [MHz]          |  3787.7864 |
|              CPI              |     1.2728 |
|  L3 load bandwidth [MBytes/s] | 12292.9370 |
|  L3 load data volume [GBytes] |     0.0022 |
| L3 evict bandwidth [MBytes/s] |  9769.0257 |
| L3 evict data volume [GBytes] |     0.0018 |
|    L3 bandwidth [MBytes/s]    | 22061.9627 |
|    L3 data volume [GBytes]    |     0.0040 |
+-------------------------------+------------+

Region MAT_MAT, Group 1: L3
+-------------------+----------+
|    Region Info    |  Core 3  |
+-------------------+----------+
| RDTSC Runtime [s] | 0.033736 |
|     call count    |        1 |
+-------------------+----------+

+-----------------------+---------+-----------+
|         Event         | Counter |   Core 3  |
+-----------------------+---------+-----------+
|   INSTR_RETIRED_ANY   |  FIXC0  | 147719900 |
| CPU_CLK_UNHALTED_CORE |  FIXC1  | 121528900 |
|  CPU_CLK_UNHALTED_REF |  FIXC2  | 109282600 |
|    L2_LINES_IN_ALL    |   PMC0  |  26525220 |
|     L2_TRANS_L2_WB    |   PMC1  |    644975 |
+-----------------------+---------+-----------+

+-------------------------------+------------+
|             Metric            |   Core 3   |
+-------------------------------+------------+
|      Runtime (RDTSC) [s]      |     0.0337 |
|      Runtime unhalted [s]     |     0.0357 |
|          Clock [MHz]          |  3787.9694 |
|              CPI              |     0.8227 |
|  L3 load bandwidth [MBytes/s] | 50320.0878 |
|  L3 load data volume [GBytes] |     1.6976 |
| L3 evict bandwidth [MBytes/s] |  1223.5600 |
| L3 evict data volume [GBytes] |     0.0413 |
|    L3 bandwidth [MBytes/s]    | 51543.6478 |
|    L3 data volume [GBytes]    |     1.7389 |
+-------------------------------+------------+

